  test.cpp
d:\raytracer\raytracer\vec3.h(77): warning C4244: 'initializing': conversion from 'double' to 'float', possible loss of data
d:\raytracer\raytracer\hitablelist.h(21): warning C4244: 'argument': conversion from 'double' to 'float', possible loss of data
d:\raytracer\raytracer\material.h(20): warning C4244: 'initializing': conversion from 'double' to 'float', possible loss of data
d:\raytracer\raytracer\material.h(70): warning C4244: '=': conversion from 'double' to 'float', possible loss of data
d:\raytracer\raytracer\test.cpp(13): warning C4305: 'argument': truncation from 'double' to 'float'
d:\raytracer\raytracer\test.cpp(25): warning C4244: 'initializing': conversion from 'double' to 'float', possible loss of data
d:\raytracer\raytracer\test.cpp(26): warning C4244: 'argument': conversion from 'double' to 'float', possible loss of data
d:\raytracer\raytracer\test.cpp(26): warning C4305: 'argument': truncation from 'double' to 'float'
d:\raytracer\raytracer\test.cpp(40): warning C4305: 'argument': truncation from 'double' to 'float'
d:\raytracer\raytracer\test.cpp(41): warning C4305: 'argument': truncation from 'double' to 'float'
d:\raytracer\raytracer\test.cpp(42): warning C4305: 'argument': truncation from 'double' to 'float'
d:\raytracer\raytracer\test.cpp(61): warning C4244: 'initializing': conversion from 'int' to 'float', possible loss of data
d:\raytracer\raytracer\test.cpp(62): warning C4244: 'initializing': conversion from 'int' to 'float', possible loss of data
d:\raytracer\raytracer\test.cpp(63): warning C4244: 'initializing': conversion from 'int' to 'float', possible loss of data
  Generating code
  1 of 179 functions ( 0.6%) were compiled, the rest were copied from previous compilation.
    0 functions were new in current compilation
    0 functions had inline decision re-evaluated but remain unchanged
  Finished generating code
  rayTracer.vcxproj -> D:\rayTracer\rayTracer\Release\rayTracer.exe
